c:\users\moonh\desktop\prog37198\assignment2\x64\release\assignment2engine.pdb
c:\users\moonh\desktop\prog37198\assignment2\assignment2\x64\release\statemachine.obj
c:\users\moonh\desktop\prog37198\assignment2\assignment2\x64\release\spriteex.obj
c:\users\moonh\desktop\prog37198\assignment2\assignment2\x64\release\screenstate.obj
c:\users\moonh\desktop\prog37198\assignment2\assignment2\x64\release\gameengine.obj
c:\users\moonh\desktop\prog37198\assignment2\assignment2\x64\release\button.obj
c:\users\moonh\desktop\prog37198\assignment2\assignment2\x64\release\audiomanager.obj
c:\users\nguye\documents\game\prog37198\assignment2\x64\release\assignment2engine.pdb
c:\users\nguye\documents\game\prog37198\assignment2\assignment2\x64\release\statemachine.obj
c:\users\nguye\documents\game\prog37198\assignment2\assignment2\x64\release\audiomanager.obj
c:\users\moonh\desktop\prog37198\assignment2\x64\release\assignment2engine.lib
c:\users\nguye\documents\game\prog37198\assignment2\assignment2\x64\release\button.obj
c:\users\nguye\documents\game\prog37198\assignment2\assignment2\x64\release\gameengine.obj
c:\users\nguye\documents\game\prog37198\assignment2\assignment2\x64\release\screenstate.obj
c:\users\nguye\documents\game\prog37198\assignment2\assignment2\x64\release\spriteex.obj
c:\users\nguye\documents\game\prog37198\assignment2\x64\release\assignment2engine.lib
c:\users\nguye\documents\game\prog37198\assignment2\assignment2\x64\release\assignme.fae3d952.tlog\cl.command.1.tlog
c:\users\nguye\documents\game\prog37198\assignment2\assignment2\x64\release\assignme.fae3d952.tlog\cl.read.1.tlog
c:\users\nguye\documents\game\prog37198\assignment2\assignment2\x64\release\assignme.fae3d952.tlog\cl.write.1.tlog
c:\users\nguye\documents\game\prog37198\assignment2\assignment2\x64\release\assignme.fae3d952.tlog\lib-link.read.1.tlog
c:\users\nguye\documents\game\prog37198\assignment2\assignment2\x64\release\assignme.fae3d952.tlog\lib-link.write.1.tlog
c:\users\nguye\documents\game\prog37198\assignment2\assignment2\x64\release\assignme.fae3d952.tlog\lib.command.1.tlog
